created virtual environment CPython3.7.9.final.0-64 in 14590ms
  creator CPython3Posix(dest=/localscratch/ng1998.16327133.0/env, clear=False, global=False)
  seeder FromAppData(download=False, pip=latest, setuptools=latest, wheel=latest, via=copy, app_data_dir=/home/ng1998/.local/share/virtualenv/seed-app-data/v1.0.1)
  activators BashActivator,CShellActivator,FishActivator,PowerShellActivator,PythonActivator,XonshActivator
Ignoring pip: markers 'python_version < "3"' don't match your environment
Looking in links: /cvmfs/soft.computecanada.ca/custom/python/wheelhouse/gentoo/avx2, /cvmfs/soft.computecanada.ca/custom/python/wheelhouse/gentoo/generic, /cvmfs/soft.computecanada.ca/custom/python/wheelhouse/generic
Processing /cvmfs/soft.computecanada.ca/custom/python/wheelhouse/gentoo/generic/matplotlib-3.4.2+computecanada-cp37-cp37m-linux_x86_64.whl
Processing /cvmfs/soft.computecanada.ca/custom/python/wheelhouse/generic/pyparsing-2.4.7+computecanada-py2.py3-none-any.whl
Processing /cvmfs/soft.computecanada.ca/custom/python/wheelhouse/gentoo/generic/numpy-1.21.0+computecanada-cp37-cp37m-linux_x86_64.whl
Processing /cvmfs/soft.computecanada.ca/custom/python/wheelhouse/gentoo/generic/kiwisolver-1.3.1+computecanada-cp37-cp37m-linux_x86_64.whl
Processing /cvmfs/soft.computecanada.ca/custom/python/wheelhouse/gentoo/generic/Pillow-8.3.1+computecanada-cp37-cp37m-linux_x86_64.whl
Processing /cvmfs/soft.computecanada.ca/custom/python/wheelhouse/generic/python_dateutil-2.8.2+computecanada-py2.py3-none-any.whl
Processing /cvmfs/soft.computecanada.ca/custom/python/wheelhouse/generic/cycler-0.10.0+computecanada-py3-none-any.whl
Processing /cvmfs/soft.computecanada.ca/custom/python/wheelhouse/generic/six-1.16.0+computecanada-py2.py3-none-any.whl
Installing collected packages: pyparsing, numpy, kiwisolver, pillow, six, python-dateutil, cycler, matplotlib
Successfully installed cycler-0.10.0+computecanada kiwisolver-1.3.1+computecanada matplotlib-3.4.2+computecanada numpy-1.21.0+computecanada pillow-8.3.1+computecanada pyparsing-2.4.7+computecanada python-dateutil-2.8.2+computecanada six-1.16.0+computecanada
Cloning into 'nengo'...
Ignoring pip: markers 'python_version < "3"' don't match your environment
Looking in links: /cvmfs/soft.computecanada.ca/custom/python/wheelhouse/gentoo/avx2, /cvmfs/soft.computecanada.ca/custom/python/wheelhouse/gentoo/generic, /cvmfs/soft.computecanada.ca/custom/python/wheelhouse/generic
Obtaining file:///localscratch/ng1998.16327133.0/nengo
  Installing build dependencies: started
  Installing build dependencies: finished with status 'done'
  Getting requirements to build wheel: started
  Getting requirements to build wheel: finished with status 'done'
    Preparing wheel metadata: started
    Preparing wheel metadata: finished with status 'done'
Requirement already satisfied: numpy>=1.13 in /localscratch/ng1998.16327133.0/env/lib/python3.7/site-packages (from nengo==3.2.0.dev0) (1.21.0+computecanada)
Installing collected packages: nengo
  Running setup.py develop for nengo
Successfully installed nengo
Ignoring pip: markers 'python_version < "3"' don't match your environment
Looking in links: /cvmfs/soft.computecanada.ca/custom/python/wheelhouse/gentoo/avx2, /cvmfs/soft.computecanada.ca/custom/python/wheelhouse/gentoo/generic, /cvmfs/soft.computecanada.ca/custom/python/wheelhouse/generic
Processing /cvmfs/soft.computecanada.ca/custom/python/wheelhouse/generic/nni-2.0+computecanada-py3-none-any.whl
Collecting hyperopt==0.1.2
  Using cached hyperopt-0.1.2-py3-none-any.whl (115 kB)
Processing /cvmfs/soft.computecanada.ca/custom/python/wheelhouse/generic/requests-2.26.0+computecanada-py2.py3-none-any.whl
Collecting responses
  Using cached responses-0.14.0-py2.py3-none-any.whl (27 kB)
Collecting PythonWebHDFS
  Using cached PythonWebHDFS-0.2.3-py3-none-any.whl (10 kB)
Processing /cvmfs/soft.computecanada.ca/custom/python/wheelhouse/gentoo/generic/scikit_learn-0.24.2+computecanada-cp37-cp37m-linux_x86_64.whl
slurmstepd: error: *** JOB 16327133 ON cdr719 CANCELLED AT 2021-10-09T14:18:39 ***
